
> vibecheck-2.0@0.1.0 build
> next build

▲ Next.js 16.1.6 (Turbopack)
- Environments: .env.local, .env

⚠ The "middleware" file convention is deprecated. Please use "proxy" instead. Learn more: https://nextjs.org/docs/messages/middleware-to-proxy
  Creating an optimized production build ...
✓ Compiled successfully in 880.0ms
  Running TypeScript ...
  Collecting page data using 15 workers ...
  Generating static pages using 15 workers (0/8) ...
  Generating static pages using 15 workers (2/8) 
  Generating static pages using 15 workers (4/8) 
  Generating static pages using 15 workers (6/8) 
✓ Generating static pages using 15 workers (8/8) in 216.6ms
  Finalizing page optimization ...

Route (app)
┌ ƒ /
├ ○ /_not-found
├ ƒ /api/upload
├ ○ /apple-icon.jpg
├ ƒ /auth/callback
├ ○ /icon.jpg
├ ƒ /join/[id]
├ ○ /login
└ ƒ /trips/[id]


ƒ Proxy (Middleware)

○  (Static)   prerendered as static content
ƒ  (Dynamic)  server-rendered on demand

